<?xml version="1.0" encoding="UTF-8"?>
<trace:TraceModel
    xmi:version="2.0"
    xmlns:xmi="http://www.omg.org/XMI"
    xmlns:trace="http://www.eclipse.org/gmf/2006/Trace">
  <nodeTraces
      visualID="2001"
      queryText="(let _eClass_:ecore::EClass = modelFacet.metaClass.ecoreClass in _eClass_.ePackage.nsURI = 'concreta' and _eClass_.name = 'MKJClase') and (let _containmentMF_:ecore::EStructuralFeature = modelFacet.containmentMetaFeature.ecoreFeature in (let _eClass_:ecore::EClass = _containmentMF_.eContainingClass in _eClass_.ePackage.nsURI = 'concreta' and _eClass_.name = 'MKJDiagramaClases') and _containmentMF_.name = 'listaClases')">
    <nodeLabelTraces
        visualID="5003"
        queryText="true"/>
    <compartmentTraces
        visualID="7001"
        queryText="true"/>
    <compartmentTraces
        visualID="7002"
        queryText="true"/>
  </nodeTraces>
  <nodeTraces
      visualID="2002"
      queryText="(let _eClass_:ecore::EClass = modelFacet.metaClass.ecoreClass in _eClass_.ePackage.nsURI = 'concreta' and _eClass_.name = 'MKJPaquete') and (let _containmentMF_:ecore::EStructuralFeature = modelFacet.containmentMetaFeature.ecoreFeature in (let _eClass_:ecore::EClass = _containmentMF_.eContainingClass in _eClass_.ePackage.nsURI = 'concreta' and _eClass_.name = 'MKJDiagramaClases') and _containmentMF_.name = 'listaPaquetes')">
    <nodeLabelTraces
        visualID="5004"
        queryText="true"/>
  </nodeTraces>
  <childNodeTraces
      visualID="3001"
      queryText="(let _eClass_:ecore::EClass = modelFacet.metaClass.ecoreClass in _eClass_.ePackage.nsURI = 'concreta' and _eClass_.name = 'MKJAtributo') and (let _containmentMF_:ecore::EStructuralFeature = modelFacet.containmentMetaFeature.ecoreFeature in (let _eClass_:ecore::EClass = _containmentMF_.eContainingClass in _eClass_.ePackage.nsURI = 'concreta' and _eClass_.name = 'MKJClase') and _containmentMF_.name = 'atributos')">
    <nodeLabelTraces
        visualID="5001"
        queryText="true"/>
  </childNodeTraces>
  <childNodeTraces
      visualID="3002"
      queryText="(let _eClass_:ecore::EClass = modelFacet.metaClass.ecoreClass in _eClass_.ePackage.nsURI = 'concreta' and _eClass_.name = 'MKJMetodo') and (let _containmentMF_:ecore::EStructuralFeature = modelFacet.containmentMetaFeature.ecoreFeature in (let _eClass_:ecore::EClass = _containmentMF_.eContainingClass in _eClass_.ePackage.nsURI = 'concreta' and _eClass_.name = 'MKJClase') and _containmentMF_.name = 'metodos')">
    <nodeLabelTraces
        visualID="5002"
        queryText="true"/>
  </childNodeTraces>
  <linkTraces
      visualID="4001"
      queryText="modelFacet.oclIsKindOf(gmfgen::TypeLinkModelFacet) and (let _eClass_:ecore::EClass = modelFacet.oclAsType(gmfgen::TypeLinkModelFacet).metaClass.ecoreClass in _eClass_.ePackage.nsURI = 'concreta' and _eClass_.name = 'MKJAsociacion')">
    <linkLabelTraces
        visualID="6001"
        queryText="true"/>
    <linkLabelTraces
        visualID="6002"
        queryText="true"/>
    <linkLabelTraces
        visualID="6003"
        queryText="true"/>
    <linkLabelTraces
        visualID="6004"
        queryText="true"/>
  </linkTraces>
  <linkTraces
      visualID="4002"
      queryText="modelFacet.oclIsKindOf(gmfgen::TypeLinkModelFacet) and (let _eClass_:ecore::EClass = modelFacet.oclAsType(gmfgen::TypeLinkModelFacet).metaClass.ecoreClass in _eClass_.ePackage.nsURI = 'concreta' and _eClass_.name = 'MKJConteinment')"/>
  <linkTraces
      visualID="4003"
      queryText="modelFacet.oclIsKindOf(gmfgen::TypeLinkModelFacet) and (let _eClass_:ecore::EClass = modelFacet.oclAsType(gmfgen::TypeLinkModelFacet).metaClass.ecoreClass in _eClass_.ePackage.nsURI = 'concreta' and _eClass_.name = 'MKJAgregacion')"/>
  <linkTraces
      visualID="4004"
      queryText="modelFacet.oclIsKindOf(gmfgen::TypeLinkModelFacet) and (let _eClass_:ecore::EClass = modelFacet.oclAsType(gmfgen::TypeLinkModelFacet).metaClass.ecoreClass in _eClass_.ePackage.nsURI = 'concreta' and _eClass_.name = 'MKJHerencia')"/>
  <linkTraces
      visualID="4005"
      queryText="modelFacet.oclIsKindOf(gmfgen::TypeLinkModelFacet) and (let _eClass_:ecore::EClass = modelFacet.oclAsType(gmfgen::TypeLinkModelFacet).metaClass.ecoreClass in _eClass_.ePackage.nsURI = 'concreta' and _eClass_.name = 'MKJInterface')"/>
</trace:TraceModel>
